0 info it worked if it ends with ok
1 verbose cli [ 'C:\\Program Files\\nodejs\\node.exe',
1 verbose cli   'C:\\Program Files\\nodejs\\node_modules\\npm\\bin\\npm-cli.js',
1 verbose cli   'run',
1 verbose cli   'build-ui' ]
2 info using npm@3.10.10
3 info using node@v6.14.4
4 verbose run-script [ 'prebuild-ui', 'build-ui', 'postbuild-ui' ]
5 info lifecycle mongo-gui@0.0.5~prebuild-ui: mongo-gui@0.0.5
6 silly lifecycle mongo-gui@0.0.5~prebuild-ui: no script for prebuild-ui, continuing
7 info lifecycle mongo-gui@0.0.5~build-ui: mongo-gui@0.0.5
8 verbose lifecycle mongo-gui@0.0.5~build-ui: unsafe-perm in lifecycle true
9 verbose lifecycle mongo-gui@0.0.5~build-ui: PATH: C:\Users\arun\Roaming\nvm\v6.14.4\node_modules\npm\bin\node-gyp-bin;D:\projects\mongo-gui\node_modules\.bin;C:\ProgramData\Oracle\Java\javapath;C:\Program Files\Intel\iCLS Client\;C:\WINDOWS\system32;C:\WINDOWS;C:\WINDOWS\System32\Wbem;C:\WINDOWS\System32\WindowsPowerShell\v1.0\;C:\Program Files\Git\cmd;C:\WINDOWS\System32\OpenSSH\;C:\Program Files\Microsoft VS Code\bin;C:\Program Files (x86)\Yarn\bin\;C:\Program Files (x86)\Intel\Intel(R) Management Engine Components\DAL;C:\Program Files\Intel\Intel(R) Management Engine Components\DAL;C:\Program Files\Intel\WiFi\bin\;C:\Program Files\Common Files\Intel\WirelessCommon\;C:\Users\arun\Roaming\nvm;C:\Program Files\nodejs;C:\Users\arun\AppData\Local\Microsoft\WindowsApps;;C:\Program Files\Microsoft VS Code\bin;C:\Program Files\Heroku\bin;C:\Users\arun\AppData\Local\Yarn\bin
10 verbose lifecycle mongo-gui@0.0.5~build-ui: CWD: D:\projects\mongo-gui
11 silly lifecycle mongo-gui@0.0.5~build-ui: Args: [ '/d /s /c', 'cd client && npm run clean-build-compress' ]
12 silly lifecycle mongo-gui@0.0.5~build-ui: Returned: code: 1  signal: null
13 info lifecycle mongo-gui@0.0.5~build-ui: Failed to exec build-ui script
14 verbose stack Error: mongo-gui@0.0.5 build-ui: `cd client && npm run clean-build-compress`
14 verbose stack Exit status 1
14 verbose stack     at EventEmitter.<anonymous> (C:\Users\arun\Roaming\nvm\v6.14.4\node_modules\npm\lib\utils\lifecycle.js:255:16)
14 verbose stack     at emitTwo (events.js:106:13)
14 verbose stack     at EventEmitter.emit (events.js:191:7)
14 verbose stack     at ChildProcess.<anonymous> (C:\Users\arun\Roaming\nvm\v6.14.4\node_modules\npm\lib\utils\spawn.js:40:14)
14 verbose stack     at emitTwo (events.js:106:13)
14 verbose stack     at ChildProcess.emit (events.js:191:7)
14 verbose stack     at maybeClose (internal/child_process.js:920:16)
14 verbose stack     at Process.ChildProcess._handle.onexit (internal/child_process.js:230:5)
15 verbose pkgid mongo-gui@0.0.5
16 verbose cwd D:\projects\mongo-gui
17 error Windows_NT 10.0.18363
18 error argv "C:\\Program Files\\nodejs\\node.exe" "C:\\Program Files\\nodejs\\node_modules\\npm\\bin\\npm-cli.js" "run" "build-ui"
19 error node v6.14.4
20 error npm  v3.10.10
21 error code ELIFECYCLE
22 error mongo-gui@0.0.5 build-ui: `cd client && npm run clean-build-compress`
22 error Exit status 1
23 error Failed at the mongo-gui@0.0.5 build-ui script 'cd client && npm run clean-build-compress'.
23 error Make sure you have the latest version of node.js and npm installed.
23 error If you do, this is most likely a problem with the mongo-gui package,
23 error not with npm itself.
23 error Tell the author that this fails on your system:
23 error     cd client && npm run clean-build-compress
23 error You can get information on how to open an issue for this project with:
23 error     npm bugs mongo-gui
23 error Or if that isn't available, you can get their info via:
23 error     npm owner ls mongo-gui
23 error There is likely additional logging output above.
24 verbose exit [ 1, true ]
